<?xml version="1.0" encoding="UTF-8"?>
<testng-results ignored="0" total="0" passed="0" failed="0" skipped="0">
  <reporter-output>
  </reporter-output>
  <suite started-at="2023-12-17T14:21:13 EET" name="NagwaClassesAPIs.TestBase" finished-at="2023-12-17T14:21:13 EET" duration-ms="6">
    <groups>
    </groups>
    <test started-at="2023-12-17T14:21:13 EET" name="Command line test" finished-at="2023-12-17T14:21:13 EET" duration-ms="6">
    </test> <!-- Command line test -->
  </suite> <!-- NagwaClassesAPIs.TestBase -->
</testng-results>
